<?xml version="1.0" encoding="UTF-8"?>
<Site BuildName="(empty)"
	BuildStamp="20240712-1218-Experimental"
	Name="dorteel"
	Generator="ctest-3.16.3"
	CompilerName="/usr/bin/c++"
	CompilerVersion="9.4.0"
	OSName="Linux"
	Hostname="dorteel"
	OSRelease="6.0.12-76060012-generic"
	OSVersion="#202212290932~1674066459~20.04~3cd2bf3-Ubuntu SMP PREEMPT_DYNAMI"
	OSPlatform="x86_64"
	Is64Bits="1"
	VendorString="GenuineIntel"
	VendorID="Intel Corporation"
	FamilyID="6"
	ModelID="141"
	ProcessorCacheSize="24576"
	NumberOfLogicalCPU="16"
	NumberOfPhysicalCPU="8"
	TotalVirtualMemory="2047"
	TotalPhysicalMemory="64092"
	LogicalProcessorsPerPhysical="2"
	ProcessorClockFrequency="2300"
	>
	<Testing>
		<StartDateTime>Jul 12 14:18 CEST</StartDateTime>
		<StartTestTime>1720786692</StartTestTime>
		<TestList/>
		<EndDateTime>Jul 12 14:18 CEST</EndDateTime>
		<EndTestTime>1720786692</EndTestTime>
		<ElapsedMinutes>0</ElapsedMinutes>
	</Testing>
</Site>
